<?xml version="1.0" encoding="UTF-8"?>
<!-- Generated by org.testng.reporters.JUnitReportReporter -->
<testsuite skipped="0" hostname="TNLT600" name="tests.report" tests="3" failures="0" timestamp="2022-06-28T16:40:39 WAT" time="0.017" errors="0">
  <testcase name="createProjetPrev" time="0.003" classname="tests.report"/>
  <system-out/>
  <testcase name="crateProjetSantePrev" time="0.012" classname="tests.report"/>
  <system-out/>
  <testcase name="createProjetSante" time="0.002" classname="tests.report"/>
  <system-out/>
</testsuite> <!-- tests.report -->
