<?xml version="1.0" encoding="UTF-8"?>
<!-- Generated by org.testng.reporters.JUnitReportReporter -->
<testsuite skipped="0" hostname="TNLT600" name="tests.report" tests="2" failures="0" timestamp="2022-07-21T20:09:01 WAT" time="0.020" errors="0">
  <testcase name="createProjetSante" time="0.002" classname="tests.report"/>
  <system-out/>
  <testcase name="createProjetPrev" time="0.018" classname="tests.report"/>
  <system-out/>
</testsuite> <!-- tests.report -->
