<?xml version="1.0" encoding="UTF-8"?>
<!-- Generated by org.testng.reporters.JUnitReportReporter -->
<testsuite skipped="0" hostname="TNLT600" name="com.generaliTest.auto.GeneraliTestProjectApplicationTests" tests="1" failures="0" timestamp="2022-02-27T01:12:55 WAT" time="0.015" errors="0">
  <testcase name="contextLoads" time="0.015" classname="com.generaliTest.auto.GeneraliTestProjectApplicationTests"/>
  <system-out/>
</testsuite> <!-- com.generaliTest.auto.GeneraliTestProjectApplicationTests -->
