<?xml version="1.0" encoding="UTF-8"?>
<!-- Generated by org.testng.reporters.JUnitReportReporter -->
<testsuite skipped="0" hostname="TNLT600" name="tests.SauvegegrdeSaisie_01Test" tests="1" failures="0" timestamp="2022-06-30T00:36:47 WAT" time="125.825" errors="0">
  <testcase name="testUntitledTestCase" time="125.825" classname="tests.SauvegegrdeSaisie_01Test"/>
  <system-out/>
</testsuite> <!-- tests.SauvegegrdeSaisie_01Test -->
